In file included from [01m[K/home/michele/Desktop/Colombo/tesi.triennale.colombo/catkin_ws/src/Kimera-Semantics/kimera_semantics_ros/src/rosbag_data_provider.cpp:8[m[K:
[01m[K/home/michele/Desktop/Colombo/tesi.triennale.colombo/catkin_ws/src/Kimera-Semantics/kimera_semantics_ros/include/kimera_semantics_ros/rosbag_data_provider.h:[m[K In constructor ‘[01m[Kkimera::RosbagDataProvider::RosbagDataProvider()[m[K’:
[01m[K/home/michele/Desktop/Colombo/tesi.triennale.colombo/catkin_ws/src/Kimera-Semantics/kimera_semantics_ros/include/kimera_semantics_ros/rosbag_data_provider.h:75:19:[m[K [01;35m[Kwarning: [m[K‘[01m[Kkimera::RosbagDataProvider::nh_private_[m[K’ will be initialized after [[01;35m[K-Wreorder[m[K]
   75 |   ros::NodeHandle [01;35m[Knh_private_[m[K;
      |                   [01;35m[K^~~~~~~~~~~[m[K
[01m[K/home/michele/Desktop/Colombo/tesi.triennale.colombo/catkin_ws/src/Kimera-Semantics/kimera_semantics_ros/include/kimera_semantics_ros/rosbag_data_provider.h:61:31:[m[K [01;35m[Kwarning: [m[K  ‘[01m[Kstd::unique_ptr<kimera::RosbagData> kimera::RosbagDataProvider::rosbag_data_[m[K’ [[01;35m[K-Wreorder[m[K]
   61 |   std::unique_ptr<RosbagData> [01;35m[Krosbag_data_[m[K;
      |                               [01;35m[K^~~~~~~~~~~~[m[K
[01m[K/home/michele/Desktop/Colombo/tesi.triennale.colombo/catkin_ws/src/Kimera-Semantics/kimera_semantics_ros/src/rosbag_data_provider.cpp:22:1:[m[K [01;35m[Kwarning: [m[K  when initialized here [[01;35m[K-Wreorder[m[K]
   22 | [01;35m[KRosbagDataProvider[m[K::RosbagDataProvider()
      | [01;35m[K^~~~~~~~~~~~~~~~~~[m[K
[01m[K/home/michele/Desktop/Colombo/tesi.triennale.colombo/catkin_ws/src/Kimera-Semantics/kimera_semantics_ros/src/semantic_tsdf_server.cpp:[m[K In member function ‘[01m[Kvoid kimera::SemanticTsdfServer::serializeVoxelLayer(const string&)[m[K’:
[01m[K/home/michele/Desktop/Colombo/tesi.triennale.colombo/catkin_ws/src/Kimera-Semantics/kimera_semantics_ros/src/semantic_tsdf_server.cpp:131:68:[m[K [01;35m[Kwarning: [m[Kleft operand of comma operator has no effect [[01;35m[K-Wunused-value[m[K]
  131 |             semantic_voxel_proto->add_semantic_labels( float(value[[01;35m[Ki[m[K,0]) );
      |                                                                    [01;35m[K^[m[K
[01m[K/home/michele/Desktop/Colombo/tesi.triennale.colombo/catkin_ws/src/Kimera-Semantics/kimera_semantics_ros/src/semantic_tsdf_server.cpp:136:10:[m[K [01;35m[Kwarning: [m[Kunused variable ‘[01m[Kres[m[K’ [[01;35m[K-Wunused-variable[m[K]
  136 |     auto [01;35m[Kres[m[K = voxblox::utils::writeProtoMsgToStream( semantic_map_proto, &outfile );
      |          [01;35m[K^~~[m[K
In file included from [01m[K/home/michele/Desktop/Colombo/tesi.triennale.colombo/catkin_ws/src/Kimera-Semantics/kimera_semantics_ros/include/kimera_semantics_ros/depth_map_to_pointcloud.h:50[m[K,
                 from [01m[K/home/michele/Desktop/Colombo/tesi.triennale.colombo/catkin_ws/src/Kimera-Semantics/kimera_semantics_ros/src/kimera_semantics_rosbag.cpp:16[m[K:
[01m[K/opt/ros/noetic/include/depth_image_proc/depth_traits.h:[m[K In static member function ‘[01m[Kstatic void depth_image_proc::DepthTraits<short unsigned int>::initializeBuffer(std::vector<unsigned char>&)[m[K’:
[01m[K/opt/ros/noetic/include/depth_image_proc/depth_traits.h:54:61:[m[K [01;35m[Kwarning: [m[Kunused parameter ‘[01m[Kbuffer[m[K’ [[01;35m[K-Wunused-parameter[m[K]
   54 |   static inline void initializeBuffer([01;35m[Kstd::vector<uint8_t>& buffer[m[K) {} // Do nothing - already zero-filled
      |                                       [01;35m[K~~~~~~~~~~~~~~~~~~~~~~^~~~~~[m[K
