Determining if the pthread_create exist failed with the following output:
Change Dir: /home/michele/Desktop/Colombo/tesi.triennale.colombo/catkin_ws/build/kimera_semantics_ros/CMakeFiles/CMakeTmp

Run Build Command(s):/usr/bin/make cmTC_5b377/fast 
/usr/bin/make -f CMakeFiles/cmTC_5b377.dir/build.make CMakeFiles/cmTC_5b377.dir/build
make[1]: Entering directory '/home/michele/Desktop/Colombo/tesi.triennale.colombo/catkin_ws/build/kimera_semantics_ros/CMakeFiles/CMakeTmp'
Building C object CMakeFiles/cmTC_5b377.dir/CheckSymbolExists.c.o
/usr/bin/cc    -o CMakeFiles/cmTC_5b377.dir/CheckSymbolExists.c.o   -c /home/michele/Desktop/Colombo/tesi.triennale.colombo/catkin_ws/build/kimera_semantics_ros/CMakeFiles/CMakeTmp/CheckSymbolExists.c
Linking C executable cmTC_5b377
/home/michele/miniconda3/envs/habitat/bin/cmake -E cmake_link_script CMakeFiles/cmTC_5b377.dir/link.txt --verbose=1
/usr/bin/cc      -rdynamic CMakeFiles/cmTC_5b377.dir/CheckSymbolExists.c.o  -o cmTC_5b377 
/usr/bin/ld: CMakeFiles/cmTC_5b377.dir/CheckSymbolExists.c.o: in function `main':
CheckSymbolExists.c:(.text+0x1f): undefined reference to `pthread_create'
collect2: error: ld returned 1 exit status
make[1]: *** [CMakeFiles/cmTC_5b377.dir/build.make:87: cmTC_5b377] Error 1
make[1]: Leaving directory '/home/michele/Desktop/Colombo/tesi.triennale.colombo/catkin_ws/build/kimera_semantics_ros/CMakeFiles/CMakeTmp'
make: *** [Makefile:121: cmTC_5b377/fast] Error 2

File /home/michele/Desktop/Colombo/tesi.triennale.colombo/catkin_ws/build/kimera_semantics_ros/CMakeFiles/CMakeTmp/CheckSymbolExists.c:
/* */
#include <pthread.h>

int main(int argc, char** argv)
{
  (void)argv;
#ifndef pthread_create
  return ((int*)(&pthread_create))[argc];
#else
  (void)argc;
  return 0;
#endif
}

Determining if the function pthread_create exists in the pthreads failed with the following output:
Change Dir: /home/michele/Desktop/Colombo/tesi.triennale.colombo/catkin_ws/build/kimera_semantics_ros/CMakeFiles/CMakeTmp

Run Build Command(s):/usr/bin/make cmTC_73ac4/fast 
/usr/bin/make -f CMakeFiles/cmTC_73ac4.dir/build.make CMakeFiles/cmTC_73ac4.dir/build
make[1]: Entering directory '/home/michele/Desktop/Colombo/tesi.triennale.colombo/catkin_ws/build/kimera_semantics_ros/CMakeFiles/CMakeTmp'
Building C object CMakeFiles/cmTC_73ac4.dir/CheckFunctionExists.c.o
/usr/bin/cc   -DCHECK_FUNCTION_EXISTS=pthread_create   -o CMakeFiles/cmTC_73ac4.dir/CheckFunctionExists.c.o   -c /home/michele/miniconda3/envs/habitat/share/cmake-3.14/Modules/CheckFunctionExists.c
Linking C executable cmTC_73ac4
/home/michele/miniconda3/envs/habitat/bin/cmake -E cmake_link_script CMakeFiles/cmTC_73ac4.dir/link.txt --verbose=1
/usr/bin/cc  -DCHECK_FUNCTION_EXISTS=pthread_create    -rdynamic CMakeFiles/cmTC_73ac4.dir/CheckFunctionExists.c.o  -o cmTC_73ac4 -lpthreads 
/usr/bin/ld: cannot find -lpthreads
collect2: error: ld returned 1 exit status
make[1]: *** [CMakeFiles/cmTC_73ac4.dir/build.make:87: cmTC_73ac4] Error 1
make[1]: Leaving directory '/home/michele/Desktop/Colombo/tesi.triennale.colombo/catkin_ws/build/kimera_semantics_ros/CMakeFiles/CMakeTmp'
make: *** [Makefile:121: cmTC_73ac4/fast] Error 2


