Not searching for unused variables given on the command line.
[36m--[0m The C compiler identification is GNU 9.4.0
[36m--[0m The CXX compiler identification is GNU 9.4.0
[36m--[0m Check for working C compiler: /usr/bin/cc
[36m--[0m Check for working C compiler: /usr/bin/cc -- works
[36m--[0m Detecting C compiler ABI info
[36m--[0m Detecting C compiler ABI info - done
[36m--[0m Detecting C compile features
[36m--[0m Detecting C compile features - done
[36m--[0m Check for working CXX compiler: /usr/bin/c++
[36m--[0m Check for working CXX compiler: /usr/bin/c++ -- works
[36m--[0m Detecting CXX compiler ABI info
[36m--[0m Detecting CXX compiler ABI info - done
[36m--[0m Detecting CXX compile features
[36m--[0m Detecting CXX compile features - done
[36m--[0m Using CATKIN_DEVEL_PREFIX: /home/michele/Desktop/Colombo/tesi.triennale.colombo/catkin_ws/merged
[36m--[0m Using CMAKE_PREFIX_PATH: /home/michele/Desktop/Colombo/tesi.triennale.colombo/catkin_ws/merged;/opt/ros/noetic
[36m--[0m This workspace overlays: /home/michele/Desktop/Colombo/tesi.triennale.colombo/catkin_ws/merged;/opt/ros/noetic
[36m--[0m Found PythonInterp: /home/michele/miniconda3/envs/habitat/bin/python3 (found suitable version "3.9.18", minimum required is "3")
[36m--[0m Using PYTHON_EXECUTABLE: /home/michele/miniconda3/envs/habitat/bin/python3
[36m--[0m Using Debian Python package layout
[36m--[0m Found PY_em: /home/michele/miniconda3/envs/habitat/lib/python3.9/site-packages/em.py
[36m--[0m Using empy: /home/michele/miniconda3/envs/habitat/lib/python3.9/site-packages/em.py
[36m--[0m Using CATKIN_ENABLE_TESTING: ON
[36m--[0m Call enable_testing()
[36m--[0m Using CATKIN_TEST_RESULTS_DIR: /home/michele/Desktop/Colombo/tesi.triennale.colombo/catkin_ws/build/voxblox/test_results
[36m--[0m Forcing gtest/gmock from source, though one was otherwise available.
[36m--[0m Found gtest sources under '/usr/src/googletest': gtests will be built
[36m--[0m Found gmock sources under '/usr/src/googletest': gmock will be built
[36m--[0m Found PythonInterp: /home/michele/miniconda3/envs/habitat/bin/python3 (found version "3.9.18")
[36m--[0m Found Threads: TRUE
[36m--[0m Using Python nosetests: /usr/bin/nosetests3
[36m--[0m catkin 0.8.10
[36m--[0m BUILD_SHARED_LIBS is on
[36m--[0m Preferred Protoc Executable:
[36m--[0m Found protobuf compiler: /usr/include/../bin/protoc
[36m--[0m Marking SHARED_LIBRARY "voxblox_proto" of package "voxblox" for installation
[36m--[0m Marking SHARED_LIBRARY "voxblox" of package "voxblox" for installation
[36m--[0m Marking HEADER FILES in "include" folder of package "voxblox" for installation
[36m--[0m Configuring done
[36m--[0m Generating done
[36m--[0m Build files have been written to: /home/michele/Desktop/Colombo/tesi.triennale.colombo/catkin_ws/build/voxblox
