[0mCMake Deprecation Warning at CMakeLists.txt:1 (cmake_minimum_required):
  Compatibility with CMake < 3.10 will be removed from a future version of
  CMake.

  Update the VERSION argument <min> value.  Or, use the <min>...<max> syntax
  to tell CMake that the project requires at least <min> but has been updated
  to work with policies introduced by <max> or earlier.

[0m
[33mCMake Warning (dev) at CMakeLists.txt:2 (project):
  Policy CMP0048 is not set: project() command manages VERSION variables.
  Run "cmake --help-policy CMP0048" for policy details.  Use the cmake_policy
  command to set the policy and suppress this warning.

  The following variable(s) would be set to empty:

    CMAKE_PROJECT_VERSION
    CMAKE_PROJECT_VERSION_MAJOR
    CMAKE_PROJECT_VERSION_MINOR
    CMAKE_PROJECT_VERSION_PATCH
This warning is for project developers.  Use -Wno-dev to suppress it.
[0m
[36m--[0m The C compiler identification is GNU 9.4.0
[36m--[0m The CXX compiler identification is GNU 9.4.0
[36m--[0m Detecting C compiler ABI info
[36m--[0m Detecting C compiler ABI info - done
[36m--[0m Check for working C compiler: /usr/bin/cc - skipped
[36m--[0m Detecting C compile features
[36m--[0m Detecting C compile features - done
[36m--[0m Detecting CXX compiler ABI info
[36m--[0m Detecting CXX compiler ABI info - done
[36m--[0m Check for working CXX compiler: /usr/bin/c++ - skipped
[36m--[0m Detecting CXX compile features
[36m--[0m Detecting CXX compile features - done
[36m--[0m Using CATKIN_DEVEL_PREFIX: /home/michele/Desktop/Colombo/tesi.triennale.colombo/catkin_ws/merged
[36m--[0m Using CMAKE_PREFIX_PATH: /home/michele/Desktop/Colombo/tesi.triennale.colombo/catkin_ws/merged;/opt/ros/noetic
[36m--[0m This workspace overlays: /home/michele/Desktop/Colombo/tesi.triennale.colombo/catkin_ws/merged;/opt/ros/noetic
[33mCMake Warning (dev) at /opt/ros/noetic/share/catkin/cmake/python.cmake:4 (find_package):
  Policy CMP0148 is not set: The FindPythonInterp and FindPythonLibs modules
  are removed.  Run "cmake --help-policy CMP0148" for policy details.  Use
  the cmake_policy command to set the policy and suppress this warning.

[36mCall Stack (most recent call first):[0m
  /opt/ros/noetic/share/catkin/cmake/all.cmake:164 (include)
  /opt/ros/noetic/share/catkin/cmake/catkinConfig.cmake:20 (include)
  /home/michele/Desktop/Colombo/tesi.triennale.colombo/catkin_ws/merged/share/catkin_simple/cmake/catkin_simpleConfig.cmake:197 (find_package)
  CMakeLists.txt:4 (find_package)
This warning is for project developers.  Use -Wno-dev to suppress it.
[0m
[36m--[0m Found PythonInterp: /home/michele/miniconda3/envs/habitat/bin/python3 (found suitable version "3.9.18", minimum required is "3")
[36m--[0m Using PYTHON_EXECUTABLE: /home/michele/miniconda3/envs/habitat/bin/python3
[36m--[0m Using Debian Python package layout
[36m--[0m Using empy: /home/michele/miniconda3/envs/habitat/lib/python3.9/site-packages/em.py
[36m--[0m Using CATKIN_ENABLE_TESTING: ON
[36m--[0m Call enable_testing()
[36m--[0m Using CATKIN_TEST_RESULTS_DIR: /home/michele/Desktop/Colombo/tesi.triennale.colombo/catkin_ws/build/protobuf_catkin/test_results
[36m--[0m Forcing gtest/gmock from source, though one was otherwise available.
[36m--[0m Found gtest sources under '/usr/src/googletest': gtests will be built
[36m--[0m Found gmock sources under '/usr/src/googletest': gmock will be built
[0mCMake Deprecation Warning at /usr/src/googletest/CMakeLists.txt:4 (cmake_minimum_required):
  Compatibility with CMake < 3.10 will be removed from a future version of
  CMake.

  Update the VERSION argument <min> value.  Or, use the <min>...<max> syntax
  to tell CMake that the project requires at least <min> but has been updated
  to work with policies introduced by <max> or earlier.

[0m
[0mCMake Deprecation Warning at /usr/src/googletest/googlemock/CMakeLists.txt:45 (cmake_minimum_required):
  Compatibility with CMake < 3.10 will be removed from a future version of
  CMake.

  Update the VERSION argument <min> value.  Or, use the <min>...<max> syntax
  to tell CMake that the project requires at least <min> but has been updated
  to work with policies introduced by <max> or earlier.

[0m
[0mCMake Deprecation Warning at /usr/src/googletest/googletest/CMakeLists.txt:56 (cmake_minimum_required):
  Compatibility with CMake < 3.10 will be removed from a future version of
  CMake.

  Update the VERSION argument <min> value.  Or, use the <min>...<max> syntax
  to tell CMake that the project requires at least <min> but has been updated
  to work with policies introduced by <max> or earlier.

[0m
[33mCMake Warning (dev) at /usr/src/googletest/googletest/cmake/internal_utils.cmake:249 (find_package):
  Policy CMP0148 is not set: The FindPythonInterp and FindPythonLibs modules
  are removed.  Run "cmake --help-policy CMP0148" for policy details.  Use
  the cmake_policy command to set the policy and suppress this warning.

[36mCall Stack (most recent call first):[0m
  /usr/src/googletest/googletest/CMakeLists.txt:91 (include)
This warning is for project developers.  Use -Wno-dev to suppress it.
[0m
[36m--[0m Found PythonInterp: /home/michele/miniconda3/envs/habitat/bin/python3 (found version "3.9.18")
[36m--[0m Using Python nosetests: /usr/bin/nosetests3
[36m--[0m catkin 0.8.10
[36m--[0m BUILD_SHARED_LIBS is on
[33mCMake Warning (dev) at CMakeLists.txt:5 (find_package):
  Policy CMP0148 is not set: The FindPythonInterp and FindPythonLibs modules
  are removed.  Run "cmake --help-policy CMP0148" for policy details.  Use
  the cmake_policy command to set the policy and suppress this warning.

This warning is for project developers.  Use -Wno-dev to suppress it.
[0m
[36m--[0m Found protoc at: /opt/ros/noetic/lib/grpc/protoc
[36m--[0m Found grpc_cpp_plugin at: /opt/ros/noetic/lib/grpc/grpc_cpp_plugin
[36m--[0m Found grpc_python_plugin at: /opt/ros/noetic/lib/grpc/grpc_python_plugin
[36m--[0m Found protobuf libraries at: /opt/ros/noetic/lib/protobuf/libprotobuf.a;/usr/lib/x86_64-linux-gnu/libz.so
[36m--[0m Found grpc libraries at: /opt/ros/noetic/lib/libabsl_bad_any_cast_impl.so;/opt/ros/noetic/lib/libabsl_bad_optional_access.so;/opt/ros/noetic/lib/libabsl_bad_variant_access.so;/opt/ros/noetic/lib/libabsl_base.so;/opt/ros/noetic/lib/libabsl_city.so;/opt/ros/noetic/lib/libabsl_civil_time.so;/opt/ros/noetic/lib/libabsl_cord.so;/opt/ros/noetic/lib/libabsl_cord_internal.so;/opt/ros/noetic/lib/libabsl_cordz_functions.so;/opt/ros/noetic/lib/libabsl_cordz_handle.so;/opt/ros/noetic/lib/libabsl_cordz_info.so;/opt/ros/noetic/lib/libabsl_cordz_sample_token.so;/opt/ros/noetic/lib/libabsl_debugging_internal.so;/opt/ros/noetic/lib/libabsl_demangle_internal.so;/opt/ros/noetic/lib/libabsl_examine_stack.so;/opt/ros/noetic/lib/libabsl_exponential_biased.so;/opt/ros/noetic/lib/libabsl_failure_signal_handler.so;/opt/ros/noetic/lib/libabsl_flags.so;/opt/ros/noetic/lib/libabsl_flags_commandlineflag.so;/opt/ros/noetic/lib/libabsl_flags_commandlineflag_internal.so;/opt/ros/noetic/lib/libabsl_flags_config.so;/opt/ros/noetic/lib/libabsl_flags_internal.so;/opt/ros/noetic/lib/libabsl_flags_marshalling.so;/opt/ros/noetic/lib/libabsl_flags_parse.so;/opt/ros/noetic/lib/libabsl_flags_private_handle_accessor.so;/opt/ros/noetic/lib/libabsl_flags_program_name.so;/opt/ros/noetic/lib/libabsl_flags_reflection.so;/opt/ros/noetic/lib/libabsl_flags_usage.so;/opt/ros/noetic/lib/libabsl_flags_usage_internal.so;/opt/ros/noetic/lib/libabsl_graphcycles_internal.so;/opt/ros/noetic/lib/libabsl_hash.so;/opt/ros/noetic/lib/libabsl_hashtablez_sampler.so;/opt/ros/noetic/lib/libabsl_int128.so;/opt/ros/noetic/lib/libabsl_leak_check.so;/opt/ros/noetic/lib/libabsl_log_severity.so;/opt/ros/noetic/lib/libabsl_low_level_hash.so;/opt/ros/noetic/lib/libabsl_malloc_internal.so;/opt/ros/noetic/lib/libabsl_periodic_sampler.so;/opt/ros/noetic/lib/libabsl_random_distributions.so;/opt/ros/noetic/lib/libabsl_random_internal_distribution_test_util.so;/opt/ros/noetic/lib/libabsl_random_internal_platform.so;/opt/ros/noetic/lib/libabsl_random_internal_pool_urbg.so;/opt/ros/noetic/lib/libabsl_random_internal_randen.so;/opt/ros/noetic/lib/libabsl_random_internal_randen_hwaes.so;/opt/ros/noetic/lib/libabsl_random_internal_randen_hwaes_impl.so;/opt/ros/noetic/lib/libabsl_random_internal_randen_slow.so;/opt/ros/noetic/lib/libabsl_random_internal_seed_material.so;/opt/ros/noetic/lib/libabsl_random_seed_gen_exception.so;/opt/ros/noetic/lib/libabsl_random_seed_sequences.so;/opt/ros/noetic/lib/libabsl_raw_hash_set.so;/opt/ros/noetic/lib/libabsl_raw_logging_internal.so;/opt/ros/noetic/lib/libabsl_scoped_set_env.so;/opt/ros/noetic/lib/libabsl_spinlock_wait.so;/opt/ros/noetic/lib/libabsl_stacktrace.so;/opt/ros/noetic/lib/libabsl_status.so;/opt/ros/noetic/lib/libabsl_statusor.so;/opt/ros/noetic/lib/libabsl_str_format_internal.so;/opt/ros/noetic/lib/libabsl_strerror.so;/opt/ros/noetic/lib/libabsl_strings.so;/opt/ros/noetic/lib/libabsl_strings_internal.so;/opt/ros/noetic/lib/libabsl_symbolize.so;/opt/ros/noetic/lib/libabsl_synchronization.so;/opt/ros/noetic/lib/libabsl_throw_delegate.so;/opt/ros/noetic/lib/libabsl_time.so;/opt/ros/noetic/lib/libabsl_time_zone.so;/opt/ros/noetic/lib/libcares.so;/usr/lib/x86_64-linux-gnu/libssl.so;/usr/lib/x86_64-linux-gnu/libcrypto.so;/opt/ros/noetic/lib/libaddress_sorting.so;/opt/ros/noetic/lib/libgpr.so;/opt/ros/noetic/lib/libgrpc.so;/opt/ros/noetic/lib/libgrpc++.so;/opt/ros/noetic/lib/libgrpc++_alts.so;/opt/ros/noetic/lib/libgrpc++_error_details.so;/opt/ros/noetic/lib/libgrpc_plugin_support.so;/opt/ros/noetic/lib/libgrpcpp_channelz.so;/opt/ros/noetic/lib/libgrpc++_reflection.so;/opt/ros/noetic/lib/libgrpc_unsecure.so;/opt/ros/noetic/lib/libgrpc++_unsecure.so;/opt/ros/noetic/lib/libre2.so;/opt/ros/noetic/lib/libupb.so
[36m--[0m Found a suitable version of system protobuf: 3.6.1
[36m--[0m Using system protobuf.
[36m--[0m Configuring done (1.4s)
[36m--[0m Generating done (0.0s)
[36m--[0m Build files have been written to: /home/michele/Desktop/Colombo/tesi.triennale.colombo/catkin_ws/build/protobuf_catkin
