[  0%] Built target stereo_msgs_generate_messages_py
[  0%] Built target sensor_msgs_generate_messages_py
[  0%] Built target actionlib_msgs_generate_messages_lisp
[  0%] Built target tf2_msgs_generate_messages_lisp
[  0%] Built target actionlib_generate_messages_py
[  0%] Built target actionlib_msgs_generate_messages_nodejs
[  0%] Built target actionlib_generate_messages_eus
[  0%] Built target stereo_msgs_generate_messages_cpp
[  0%] Built target nav_msgs_generate_messages_py
[  0%] Built target rosgraph_msgs_generate_messages_cpp
[  0%] Built target rviz_generate_messages_eus
[  0%] Built target _kimera_interfacer_generate_messages_check_deps_SyncSemanticRaw
[  0%] Built target _kimera_interfacer_generate_messages_check_deps_SyncSemantic
[  0%] Built target stereo_msgs_generate_messages_nodejs
[  0%] Built target roscpp_generate_messages_nodejs
[  0%] Built target stereo_msgs_generate_messages_lisp
[  0%] Built target stereo_msgs_generate_messages_eus
[  0%] Built target pcl_msgs_generate_messages_cpp
[  0%] Built target dynamic_reconfigure_gencfg
[  0%] Built target actionlib_msgs_generate_messages_py
[  0%] Built target actionlib_generate_messages_cpp
[  0%] Built target rosgraph_msgs_generate_messages_nodejs
[  0%] Built target rosgraph_msgs_generate_messages_eus
[  0%] Built target sensor_msgs_generate_messages_cpp
[  0%] Built target actionlib_generate_messages_nodejs
[  0%] Built target std_srvs_generate_messages_py
[  0%] Built target tf2_msgs_generate_messages_py
[  0%] Built target nav_msgs_generate_messages_nodejs
[  0%] Built target dynamic_reconfigure_generate_messages_nodejs
[  0%] Built target bond_generate_messages_cpp
[  0%] Built target std_msgs_generate_messages_py
[  0%] Built target geometry_msgs_generate_messages_cpp
[  0%] Built target actionlib_generate_messages_lisp
[  0%] Built target actionlib_msgs_generate_messages_eus
[  0%] Built target rosgraph_msgs_generate_messages_lisp
[  0%] Built target std_msgs_generate_messages_lisp
[  0%] Built target dynamic_reconfigure_generate_messages_py
[  0%] Built target std_srvs_generate_messages_cpp
[  0%] Built target nodelet_topic_tools_gencfg
[  0%] Built target sensor_msgs_generate_messages_eus
[  0%] Built target roscpp_generate_messages_py
[  0%] Built target voxblox_msgs_generate_messages_eus
[  0%] Built target tf2_msgs_generate_messages_eus
[  0%] Built target sensor_msgs_generate_messages_nodejs
[  0%] Built target tf_generate_messages_lisp
[  0%] Built target geometry_msgs_generate_messages_py
[  0%] Built target rviz_generate_messages_cpp
[  0%] Built target roscpp_generate_messages_cpp
[  0%] Built target image_proc_gencfg
[  0%] Built target tf_generate_messages_nodejs
[  0%] Built target topic_tools_generate_messages_py
[  0%] Built target map_msgs_generate_messages_py
[  0%] Built target geometry_msgs_generate_messages_lisp
[  0%] Built target nav_msgs_generate_messages_lisp
[  0%] Built target tf2_msgs_generate_messages_cpp
[  0%] Built target dynamic_reconfigure_generate_messages_lisp
[  0%] Built target std_msgs_generate_messages_cpp
[  0%] Built target geometry_msgs_generate_messages_eus
[  0%] Built target roscpp_generate_messages_eus
[  0%] Built target std_msgs_generate_messages_nodejs
[  0%] Built target nodelet_generate_messages_lisp
[  0%] Built target dynamic_reconfigure_generate_messages_eus
[  0%] Built target pcl_msgs_generate_messages_eus
[  0%] Built target pcl_msgs_generate_messages_lisp
[  0%] Built target pcl_msgs_generate_messages_nodejs
[  0%] Built target pcl_msgs_generate_messages_py
[  0%] Built target dynamic_reconfigure_generate_messages_cpp
[  0%] Built target tf2_msgs_generate_messages_nodejs
[  0%] Built target sensor_msgs_generate_messages_lisp
[  0%] Built target nodelet_generate_messages_cpp
[  0%] Built target nodelet_generate_messages_py
[  0%] Built target nodelet_generate_messages_eus
[  0%] Built target nodelet_generate_messages_nodejs
[  0%] Built target std_srvs_generate_messages_nodejs
[  0%] Built target map_msgs_generate_messages_eus
[  0%] Built target bond_generate_messages_py
[  0%] Built target bond_generate_messages_eus
[  0%] Built target bond_generate_messages_lisp
[  0%] Built target bond_generate_messages_nodejs
[  0%] Built target actionlib_msgs_generate_messages_cpp
[  0%] Built target std_srvs_generate_messages_eus
[  0%] Built target topic_tools_generate_messages_cpp
[  0%] Built target std_msgs_generate_messages_eus
[  0%] Built target roscpp_generate_messages_lisp
[  0%] Built target std_srvs_generate_messages_lisp
[  0%] Built target visualization_msgs_generate_messages_py
[  0%] Built target topic_tools_generate_messages_eus
[  0%] Built target topic_tools_generate_messages_lisp
[  0%] Built target voxblox_msgs_generate_messages_lisp
[  0%] Built target topic_tools_generate_messages_nodejs
[  0%] Built target visualization_msgs_generate_messages_eus
[  0%] Built target nav_msgs_generate_messages_cpp
[  0%] Built target visualization_msgs_generate_messages_lisp
[  0%] Built target visualization_msgs_generate_messages_nodejs
[  0%] Built target rosgraph_msgs_generate_messages_py
[  0%] Built target voxblox_msgs_generate_messages_cpp
[  0%] Built target voxblox_msgs_generate_messages_nodejs
[  0%] Built target tf_generate_messages_cpp
[  0%] Built target voxblox_msgs_generate_messages_py
[  0%] Built target tf_generate_messages_py
[  0%] Built target rviz_generate_messages_nodejs
[  0%] Built target rviz_generate_messages_lisp
[  0%] Built target rviz_generate_messages_py
[  0%] Built target map_msgs_generate_messages_cpp
[  0%] Built target map_msgs_generate_messages_lisp
[  0%] Built target map_msgs_generate_messages_nodejs
[  0%] Built target nav_msgs_generate_messages_eus
[  0%] Built target pcl_ros_gencfg
[ 14%] Built target kimera_interfacer_generate_messages_cpp
[ 35%] Built target kimera_interfacer_generate_messages_eus
[ 42%] Built target geometry_msgs_generate_messages_nodejs
[ 50%] Built target kimera_interfacer_generate_messages_lisp
[ 64%] Built target kimera_interfacer_generate_messages_nodejs
[ 64%] Built target tf_generate_messages_eus
[ 64%] Built target visualization_msgs_generate_messages_cpp
[ 78%] [34m[1mGenerating Python from MSG kimera_interfacer/SyncSemanticRaw[0m
[ 78%] [34m[1mGenerating Python from MSG kimera_interfacer/SyncSemantic[0m
[ 85%] [34m[1mGenerating Python msg __init__.py for kimera_interfacer[0m
[ 85%] Built target kimera_interfacer_generate_messages_py
[35m[1mScanning dependencies of target kimera_interfacer_generate_messages[0m
[35m[1mScanning dependencies of target kimera_interfacer[0m
[ 85%] Built target kimera_interfacer_generate_messages
[ 92%] [32mBuilding CXX object CMakeFiles/kimera_interfacer.dir/src/kimera_interfacer.cpp.o[0m
In file included from [01m[K/home/michele/Desktop/Colombo/tesi.triennale.colombo/catkin_ws/src/Kimera-Semantics/kimera_semantics_ros/include/kimera_semantics_ros/depth_map_to_pointcloud.h:50[m[K,
                 from [01m[K/home/michele/Desktop/Colombo/tesi.triennale.colombo/catkin_ws/src/dipendenze_kimera/Kimera-Interfacer/kimera_interfacer/src/kimera_interfacer.cpp:12[m[K:
[01m[K/opt/ros/noetic/include/depth_image_proc/depth_traits.h:[m[K In static member function ‘[01m[Kstatic void depth_image_proc::DepthTraits<short unsigned int>::initializeBuffer(std::vector<unsigned char>&)[m[K’:
[01m[K/opt/ros/noetic/include/depth_image_proc/depth_traits.h:54:61:[m[K [01;35m[Kwarning: [m[Kunused parameter ‘[01m[Kbuffer[m[K’ [[01;35m[K-Wunused-parameter[m[K]
   54 |   static inline void initializeBuffer([01;35m[Kstd::vector<uint8_t>& buffer[m[K) {} // Do nothing - already zero-filled
      |                                       [01;35m[K~~~~~~~~~~~~~~~~~~~~~~^~~~~~[m[K
[01m[K/home/michele/Desktop/Colombo/tesi.triennale.colombo/catkin_ws/src/dipendenze_kimera/Kimera-Interfacer/kimera_interfacer/src/kimera_interfacer.cpp:[m[K In function ‘[01m[Kint main(int, char**)[m[K’:
[01m[K/home/michele/Desktop/Colombo/tesi.triennale.colombo/catkin_ws/src/dipendenze_kimera/Kimera-Interfacer/kimera_interfacer/src/kimera_interfacer.cpp:109:38:[m[K [01;35m[Kwarning: [m[Kcomparison of integer expressions of different signedness: ‘[01m[Kstd_msgs::Header_<std::allocator<void> >::_seq_type[m[K’ {aka ‘[01m[Kunsigned int[m[K’} and ‘[01m[Kint[m[K’ [[01;35m[K-Wsign-compare[m[K]
  109 |     bool res = [01;35m[Kdepth_ptr->header.seq != last_frame_integrated[m[K;
      |                [01;35m[K~~~~~~~~~~~~~~~~~~~~~~^~~~~~~~~~~~~~~~~~~~~~~~[m[K
[100%] [32m[1mLinking CXX executable /home/michele/Desktop/Colombo/tesi.triennale.colombo/catkin_ws/merged/lib/kimera_interfacer/kimera_interfacer[0m
[100%] Built target kimera_interfacer
