[35m[1mScanning dependencies of target stereo_msgs_generate_messages_py[0m
[35m[1mScanning dependencies of target _kimera_interfacer_generate_messages_check_deps_SyncSemanticRaw[0m
[35m[1mScanning dependencies of target sensor_msgs_generate_messages_py[0m
[35m[1mScanning dependencies of target tf2_msgs_generate_messages_lisp[0m
[35m[1mScanning dependencies of target actionlib_msgs_generate_messages_lisp[0m
[35m[1mScanning dependencies of target _kimera_interfacer_generate_messages_check_deps_SyncSemantic[0m
[  0%] Built target sensor_msgs_generate_messages_py
[  0%] Built target stereo_msgs_generate_messages_py
[  0%] Built target actionlib_msgs_generate_messages_lisp
[  0%] Built target tf2_msgs_generate_messages_lisp
[35m[1mScanning dependencies of target actionlib_msgs_generate_messages_nodejs[0m
[35m[1mScanning dependencies of target stereo_msgs_generate_messages_cpp[0m
[35m[1mScanning dependencies of target actionlib_generate_messages_py[0m
[  0%] Built target actionlib_msgs_generate_messages_nodejs
[  0%] Built target stereo_msgs_generate_messages_cpp
[  0%] Built target actionlib_generate_messages_py
[35m[1mScanning dependencies of target actionlib_generate_messages_eus[0m
[35m[1mScanning dependencies of target rosgraph_msgs_generate_messages_cpp[0m
[35m[1mScanning dependencies of target rviz_generate_messages_eus[0m
[35m[1mScanning dependencies of target nav_msgs_generate_messages_py[0m
[  0%] Built target actionlib_generate_messages_eus
[  0%] Built target rviz_generate_messages_eus
[  0%] Built target rosgraph_msgs_generate_messages_cpp
[  0%] Built target nav_msgs_generate_messages_py
[35m[1mScanning dependencies of target stereo_msgs_generate_messages_nodejs[0m
[  0%] Built target _kimera_interfacer_generate_messages_check_deps_SyncSemanticRaw
[35m[1mScanning dependencies of target roscpp_generate_messages_nodejs[0m
[35m[1mScanning dependencies of target stereo_msgs_generate_messages_lisp[0m
[35m[1mScanning dependencies of target stereo_msgs_generate_messages_eus[0m
[  0%] Built target _kimera_interfacer_generate_messages_check_deps_SyncSemantic
[  0%] Built target stereo_msgs_generate_messages_nodejs
[35m[1mScanning dependencies of target pcl_msgs_generate_messages_cpp[0m
[  0%] Built target stereo_msgs_generate_messages_eus
[  0%] Built target stereo_msgs_generate_messages_lisp
[  0%] Built target roscpp_generate_messages_nodejs
[35m[1mScanning dependencies of target actionlib_msgs_generate_messages_py[0m
[35m[1mScanning dependencies of target dynamic_reconfigure_gencfg[0m
[  0%] Built target pcl_msgs_generate_messages_cpp
[35m[1mScanning dependencies of target rosgraph_msgs_generate_messages_nodejs[0m
[35m[1mScanning dependencies of target actionlib_generate_messages_cpp[0m
[35m[1mScanning dependencies of target rosgraph_msgs_generate_messages_eus[0m
[  0%] Built target actionlib_msgs_generate_messages_py
[  0%] Built target dynamic_reconfigure_gencfg
[35m[1mScanning dependencies of target actionlib_generate_messages_nodejs[0m
[  0%] Built target rosgraph_msgs_generate_messages_nodejs
[  0%] Built target actionlib_generate_messages_cpp
[35m[1mScanning dependencies of target std_srvs_generate_messages_py[0m
[35m[1mScanning dependencies of target sensor_msgs_generate_messages_cpp[0m
[  0%] Built target rosgraph_msgs_generate_messages_eus
[35m[1mScanning dependencies of target std_msgs_generate_messages_py[0m
[35m[1mScanning dependencies of target nav_msgs_generate_messages_nodejs[0m
[  0%] Built target actionlib_generate_messages_nodejs
[  0%] Built target std_srvs_generate_messages_py
[  0%] Built target sensor_msgs_generate_messages_cpp
[35m[1mScanning dependencies of target tf2_msgs_generate_messages_py[0m
[  0%] Built target std_msgs_generate_messages_py
[35m[1mScanning dependencies of target dynamic_reconfigure_generate_messages_nodejs[0m
[  0%] Built target nav_msgs_generate_messages_nodejs
[35m[1mScanning dependencies of target bond_generate_messages_cpp[0m
[35m[1mScanning dependencies of target geometry_msgs_generate_messages_cpp[0m
[  0%] Built target tf2_msgs_generate_messages_py
[  0%] Built target dynamic_reconfigure_generate_messages_nodejs
[35m[1mScanning dependencies of target actionlib_msgs_generate_messages_eus[0m
[35m[1mScanning dependencies of target actionlib_generate_messages_lisp[0m
[  0%] Built target geometry_msgs_generate_messages_cpp
[  0%] Built target bond_generate_messages_cpp
[35m[1mScanning dependencies of target dynamic_reconfigure_generate_messages_py[0m
[  0%] Built target actionlib_msgs_generate_messages_eus
[  0%] Built target actionlib_generate_messages_lisp
[35m[1mScanning dependencies of target rosgraph_msgs_generate_messages_lisp[0m
[35m[1mScanning dependencies of target std_msgs_generate_messages_lisp[0m
[35m[1mScanning dependencies of target std_srvs_generate_messages_cpp[0m
[  0%] Built target dynamic_reconfigure_generate_messages_py
[35m[1mScanning dependencies of target nodelet_topic_tools_gencfg[0m
[35m[1mScanning dependencies of target sensor_msgs_generate_messages_eus[0m
[  0%] Built target rosgraph_msgs_generate_messages_lisp
[  0%] Built target std_msgs_generate_messages_lisp
[  0%] Built target std_srvs_generate_messages_cpp
[35m[1mScanning dependencies of target voxblox_msgs_generate_messages_eus[0m
[  0%] Built target nodelet_topic_tools_gencfg
[  0%] Built target sensor_msgs_generate_messages_eus
[35m[1mScanning dependencies of target roscpp_generate_messages_py[0m
[35m[1mScanning dependencies of target sensor_msgs_generate_messages_nodejs[0m
[35m[1mScanning dependencies of target tf2_msgs_generate_messages_eus[0m
[  0%] Built target voxblox_msgs_generate_messages_eus
[  0%] Built target roscpp_generate_messages_py
[35m[1mScanning dependencies of target geometry_msgs_generate_messages_py[0m
[35m[1mScanning dependencies of target tf_generate_messages_lisp[0m
[  0%] Built target tf2_msgs_generate_messages_eus
[  0%] Built target sensor_msgs_generate_messages_nodejs
[35m[1mScanning dependencies of target rviz_generate_messages_cpp[0m
[  0%] Built target geometry_msgs_generate_messages_py
[35m[1mScanning dependencies of target roscpp_generate_messages_cpp[0m
[  0%] Built target tf_generate_messages_lisp
[35m[1mScanning dependencies of target image_proc_gencfg[0m
[35m[1mScanning dependencies of target tf_generate_messages_nodejs[0m
[  0%] Built target rviz_generate_messages_cpp
[  0%] Built target roscpp_generate_messages_cpp
[35m[1mScanning dependencies of target topic_tools_generate_messages_py[0m
[  0%] Built target image_proc_gencfg
[35m[1mScanning dependencies of target map_msgs_generate_messages_py[0m
[  0%] Built target tf_generate_messages_nodejs
[35m[1mScanning dependencies of target geometry_msgs_generate_messages_lisp[0m
[  0%] Built target topic_tools_generate_messages_py
[35m[1mScanning dependencies of target nav_msgs_generate_messages_lisp[0m
[35m[1mScanning dependencies of target tf2_msgs_generate_messages_cpp[0m
[35m[1mScanning dependencies of target dynamic_reconfigure_generate_messages_lisp[0m
[  0%] Built target map_msgs_generate_messages_py
[  0%] Built target geometry_msgs_generate_messages_lisp
[35m[1mScanning dependencies of target std_msgs_generate_messages_cpp[0m
[  0%] Built target nav_msgs_generate_messages_lisp
[  0%] Built target tf2_msgs_generate_messages_cpp
[35m[1mScanning dependencies of target geometry_msgs_generate_messages_eus[0m
[  0%] Built target dynamic_reconfigure_generate_messages_lisp
[  0%] Built target std_msgs_generate_messages_cpp
[35m[1mScanning dependencies of target nodelet_generate_messages_lisp[0m
[35m[1mScanning dependencies of target std_msgs_generate_messages_nodejs[0m
[35m[1mScanning dependencies of target dynamic_reconfigure_generate_messages_eus[0m
[  0%] Built target geometry_msgs_generate_messages_eus
[35m[1mScanning dependencies of target roscpp_generate_messages_eus[0m
[35m[1mScanning dependencies of target pcl_msgs_generate_messages_eus[0m
[  0%] Built target nodelet_generate_messages_lisp
[  0%] Built target std_msgs_generate_messages_nodejs
[  0%] Built target dynamic_reconfigure_generate_messages_eus
[35m[1mScanning dependencies of target pcl_msgs_generate_messages_lisp[0m
[  0%] Built target roscpp_generate_messages_eus
[  0%] Built target pcl_msgs_generate_messages_eus
[35m[1mScanning dependencies of target pcl_msgs_generate_messages_nodejs[0m
[35m[1mScanning dependencies of target pcl_msgs_generate_messages_py[0m
[35m[1mScanning dependencies of target dynamic_reconfigure_generate_messages_cpp[0m
[  0%] Built target pcl_msgs_generate_messages_lisp
[35m[1mScanning dependencies of target tf2_msgs_generate_messages_nodejs[0m
[35m[1mScanning dependencies of target sensor_msgs_generate_messages_lisp[0m
[  0%] Built target pcl_msgs_generate_messages_nodejs
[  0%] Built target dynamic_reconfigure_generate_messages_cpp
[  0%] Built target pcl_msgs_generate_messages_py
[35m[1mScanning dependencies of target nodelet_generate_messages_cpp[0m
[  0%] Built target tf2_msgs_generate_messages_nodejs
[  0%] Built target sensor_msgs_generate_messages_lisp
[35m[1mScanning dependencies of target nodelet_generate_messages_eus[0m
[35m[1mScanning dependencies of target nodelet_generate_messages_nodejs[0m
[  0%] Built target nodelet_generate_messages_cpp
[35m[1mScanning dependencies of target nodelet_generate_messages_py[0m
[35m[1mScanning dependencies of target std_srvs_generate_messages_nodejs[0m
[35m[1mScanning dependencies of target map_msgs_generate_messages_eus[0m
[  0%] Built target nodelet_generate_messages_eus
[  0%] Built target nodelet_generate_messages_nodejs
[35m[1mScanning dependencies of target bond_generate_messages_eus[0m
[  0%] Built target nodelet_generate_messages_py
[  0%] Built target map_msgs_generate_messages_eus
[  0%] Built target std_srvs_generate_messages_nodejs
[35m[1mScanning dependencies of target bond_generate_messages_lisp[0m
[35m[1mScanning dependencies of target bond_generate_messages_nodejs[0m
[35m[1mScanning dependencies of target bond_generate_messages_py[0m
[35m[1mScanning dependencies of target actionlib_msgs_generate_messages_cpp[0m
[35m[1mScanning dependencies of target std_srvs_generate_messages_eus[0m
[  0%] Built target bond_generate_messages_lisp
[  0%] Built target bond_generate_messages_nodejs
[  0%] Built target bond_generate_messages_eus
[  0%] Built target bond_generate_messages_py
[  0%] Built target actionlib_msgs_generate_messages_cpp
[35m[1mScanning dependencies of target std_msgs_generate_messages_eus[0m
[  0%] Built target std_srvs_generate_messages_eus
[35m[1mScanning dependencies of target roscpp_generate_messages_lisp[0m
[35m[1mScanning dependencies of target topic_tools_generate_messages_cpp[0m
[35m[1mScanning dependencies of target std_srvs_generate_messages_lisp[0m
[35m[1mScanning dependencies of target visualization_msgs_generate_messages_py[0m
[  0%] Built target std_msgs_generate_messages_eus
[  0%] Built target topic_tools_generate_messages_cpp
[  0%] Built target roscpp_generate_messages_lisp
[  0%] Built target std_srvs_generate_messages_lisp
[35m[1mScanning dependencies of target topic_tools_generate_messages_eus[0m
[  0%] Built target visualization_msgs_generate_messages_py
[35m[1mScanning dependencies of target voxblox_msgs_generate_messages_lisp[0m
[35m[1mScanning dependencies of target topic_tools_generate_messages_lisp[0m
[35m[1mScanning dependencies of target topic_tools_generate_messages_nodejs[0m
[35m[1mScanning dependencies of target visualization_msgs_generate_messages_eus[0m
[  0%] Built target topic_tools_generate_messages_eus
[35m[1mScanning dependencies of target nav_msgs_generate_messages_cpp[0m
[  0%] Built target voxblox_msgs_generate_messages_lisp
[  0%] Built target visualization_msgs_generate_messages_eus
[  0%] Built target topic_tools_generate_messages_lisp
[  0%] Built target topic_tools_generate_messages_nodejs
[  0%] Built target nav_msgs_generate_messages_cpp
[35m[1mScanning dependencies of target visualization_msgs_generate_messages_lisp[0m
[35m[1mScanning dependencies of target rosgraph_msgs_generate_messages_py[0m
[35m[1mScanning dependencies of target voxblox_msgs_generate_messages_cpp[0m
[35m[1mScanning dependencies of target voxblox_msgs_generate_messages_nodejs[0m
[35m[1mScanning dependencies of target visualization_msgs_generate_messages_nodejs[0m
[  0%] Built target visualization_msgs_generate_messages_lisp
[35m[1mScanning dependencies of target tf_generate_messages_cpp[0m
[  0%] Built target rosgraph_msgs_generate_messages_py
[  0%] Built target voxblox_msgs_generate_messages_nodejs
[  0%] Built target voxblox_msgs_generate_messages_cpp
[  0%] Built target visualization_msgs_generate_messages_nodejs
[  0%] Built target tf_generate_messages_cpp
[35m[1mScanning dependencies of target voxblox_msgs_generate_messages_py[0m
[35m[1mScanning dependencies of target rviz_generate_messages_lisp[0m
[35m[1mScanning dependencies of target rviz_generate_messages_nodejs[0m
[35m[1mScanning dependencies of target rviz_generate_messages_py[0m
[35m[1mScanning dependencies of target tf_generate_messages_py[0m
[35m[1mScanning dependencies of target map_msgs_generate_messages_cpp[0m
[  0%] Built target voxblox_msgs_generate_messages_py
[  0%] Built target rviz_generate_messages_py
[  0%] Built target rviz_generate_messages_nodejs
[  0%] Built target rviz_generate_messages_lisp
[  0%] Built target tf_generate_messages_py
[35m[1mScanning dependencies of target map_msgs_generate_messages_lisp[0m
[35m[1mScanning dependencies of target map_msgs_generate_messages_nodejs[0m
[35m[1mScanning dependencies of target nav_msgs_generate_messages_eus[0m
[35m[1mScanning dependencies of target kimera_interfacer_generate_messages_cpp[0m
[  0%] Built target map_msgs_generate_messages_cpp
[35m[1mScanning dependencies of target pcl_ros_gencfg[0m
[  0%] Built target map_msgs_generate_messages_lisp
[  0%] Built target nav_msgs_generate_messages_eus
[  0%] Built target map_msgs_generate_messages_nodejs
[35m[1mScanning dependencies of target kimera_interfacer_generate_messages_eus[0m
[  0%] Built target pcl_ros_gencfg
[  7%] [34m[1mGenerating C++ code from kimera_interfacer/SyncSemantic.msg[0m
[ 14%] [34m[1mGenerating C++ code from kimera_interfacer/SyncSemanticRaw.msg[0m
[35m[1mScanning dependencies of target kimera_interfacer_generate_messages_lisp[0m
[35m[1mScanning dependencies of target geometry_msgs_generate_messages_nodejs[0m
[ 21%] [34m[1mGenerating EusLisp code from kimera_interfacer/SyncSemantic.msg[0m
[35m[1mScanning dependencies of target kimera_interfacer_generate_messages_nodejs[0m
[ 28%] [34m[1mGenerating Lisp code from kimera_interfacer/SyncSemantic.msg[0m
[ 28%] Built target geometry_msgs_generate_messages_nodejs
[ 35%] [34m[1mGenerating Javascript code from kimera_interfacer/SyncSemantic.msg[0m
[35m[1mScanning dependencies of target tf_generate_messages_eus[0m
[ 35%] Built target tf_generate_messages_eus
[35m[1mScanning dependencies of target visualization_msgs_generate_messages_cpp[0m
[ 35%] Built target visualization_msgs_generate_messages_cpp
[ 42%] [34m[1mGenerating Lisp code from kimera_interfacer/SyncSemanticRaw.msg[0m
[35m[1mScanning dependencies of target kimera_interfacer_generate_messages_py[0m
[ 50%] [34m[1mGenerating Javascript code from kimera_interfacer/SyncSemanticRaw.msg[0m
[ 57%] [34m[1mGenerating Python from MSG kimera_interfacer/SyncSemantic[0m
[ 64%] [34m[1mGenerating Python from MSG kimera_interfacer/SyncSemanticRaw[0m
[ 64%] Built target kimera_interfacer_generate_messages_cpp
[ 71%] [34m[1mGenerating EusLisp code from kimera_interfacer/SyncSemanticRaw.msg[0m
[ 78%] [34m[1mGenerating EusLisp manifest code for kimera_interfacer[0m
Traceback (most recent call last):
  File "/opt/ros/noetic/share/genpy/cmake/../../../lib/genpy/genmsg_py.py", line 43, in <module>
    import genpy.generator
  File "/opt/ros/noetic/lib/python3/dist-packages/genpy/__init__.py", line 34, in <module>
    from . message import Message, SerializationError, DeserializationError, MessageException, struct_I
  File "/opt/ros/noetic/lib/python3/dist-packages/genpy/message.py", line 48, in <module>
    import yaml
ModuleNotFoundError: No module named 'yaml'
make[2]: *** [CMakeFiles/kimera_interfacer_generate_messages_py.dir/build.make:66: /home/michele/Desktop/Colombo/tesi.triennale.colombo/catkin_ws/merged/lib/python3/dist-packages/kimera_interfacer/msg/_SyncSemantic.py] Error 1
make[2]: *** Waiting for unfinished jobs....
[ 78%] Built target kimera_interfacer_generate_messages_lisp
Traceback (most recent call last):
  File "/opt/ros/noetic/share/genpy/cmake/../../../lib/genpy/genmsg_py.py", line 43, in <module>
    import genpy.generator
  File "/opt/ros/noetic/lib/python3/dist-packages/genpy/__init__.py", line 34, in <module>
    from . message import Message, SerializationError, DeserializationError, MessageException, struct_I
  File "/opt/ros/noetic/lib/python3/dist-packages/genpy/message.py", line 48, in <module>
    import yaml
ModuleNotFoundError: No module named 'yaml'
[ 78%] Built target kimera_interfacer_generate_messages_nodejs
make[2]: *** [CMakeFiles/kimera_interfacer_generate_messages_py.dir/build.make:73: /home/michele/Desktop/Colombo/tesi.triennale.colombo/catkin_ws/merged/lib/python3/dist-packages/kimera_interfacer/msg/_SyncSemanticRaw.py] Error 1
make[1]: *** [CMakeFiles/Makefile2:434: CMakeFiles/kimera_interfacer_generate_messages_py.dir/all] Error 2
make[1]: *** Waiting for unfinished jobs....
[ 78%] Built target kimera_interfacer_generate_messages_eus
make: *** [Makefile:141: all] Error 2
