Not searching for unused variables given on the command line.
[36m--[0m Using CATKIN_DEVEL_PREFIX: /home/michele/Desktop/Colombo/tesi.triennale.colombo/catkin_ws/merged
[36m--[0m Using CMAKE_PREFIX_PATH: /home/michele/Desktop/Colombo/tesi.triennale.colombo/catkin_ws/merged;/opt/ros/noetic
[36m--[0m This workspace overlays: /home/michele/Desktop/Colombo/tesi.triennale.colombo/catkin_ws/merged;/opt/ros/noetic
[36m--[0m Using PYTHON_EXECUTABLE: /home/michele/miniconda3/bin/python3
[36m--[0m Using Debian Python package layout
[36m--[0m Found PY_em: /home/michele/miniconda3/lib/python3.12/site-packages/em.py
[36m--[0m Using empy: /home/michele/miniconda3/lib/python3.12/site-packages/em.py
[36m--[0m Using CATKIN_ENABLE_TESTING: ON
[36m--[0m Call enable_testing()
[36m--[0m Using CATKIN_TEST_RESULTS_DIR: /home/michele/Desktop/Colombo/tesi.triennale.colombo/catkin_ws/build/kimera_interfacer/test_results
[36m--[0m Forcing gtest/gmock from source, though one was otherwise available.
[36m--[0m Found gtest sources under '/usr/src/googletest': gtests will be built
[36m--[0m Found gmock sources under '/usr/src/googletest': gmock will be built
[36m--[0m Found PythonInterp: /home/michele/miniconda3/bin/python3 (found version "3.12.9")
[36m--[0m Found Threads: TRUE
[36m--[0m Using Python nosetests: /usr/bin/nosetests3
ImportError: "from catkin_pkg.package import parse_package" failed: No module named 'catkin_pkg'
Make sure that you have installed "catkin_pkg", it is up to date and on the PYTHONPATH.
[31m[1mCMake Error[0m at /opt/ros/noetic/share/catkin/cmake/safe_execute_process.cmake:11 (message):
  execute_process(/home/michele/miniconda3/bin/python3
  "/opt/ros/noetic/share/catkin/cmake/parse_package_xml.py"
  "/opt/ros/noetic/share/catkin/cmake/../package.xml"
  "/home/michele/Desktop/Colombo/tesi.triennale.colombo/catkin_ws/build/kimera_interfacer/catkin/catkin_generated/version/package.cmake")
  returned error code 1
[36mCall Stack (most recent call first):[0m
  /opt/ros/noetic/share/catkin/cmake/catkin_package_xml.cmake:74 (safe_execute_process)
  /opt/ros/noetic/share/catkin/cmake/all.cmake:168 (_catkin_package_xml)
  /opt/ros/noetic/share/catkin/cmake/catkinConfig.cmake:20 (include)
  /home/michele/Desktop/Colombo/tesi.triennale.colombo/catkin_ws/merged/share/catkin_simple/cmake/catkin_simpleConfig.cmake:197 (find_package)
  CMakeLists.txt:4 (find_package)


[36m--[0m Configuring incomplete, errors occurred!
See also "/home/michele/Desktop/Colombo/tesi.triennale.colombo/catkin_ws/build/kimera_interfacer/CMakeFiles/CMakeOutput.log".
See also "/home/michele/Desktop/Colombo/tesi.triennale.colombo/catkin_ws/build/kimera_interfacer/CMakeFiles/CMakeError.log".
